\BOOKMARK [0][-]{chapter*.2}{\376\377\000W\000s\000t\001\031\000p}{}% 1
\BOOKMARK [0][-]{chapter.1}{\376\377\000S\000p\000e\000c\000y\000f\000i\000k\000a\000c\000j\000a\000\040\000w\000y\000m\000a\000g\000a\001\104}{}% 2
\BOOKMARK [1][-]{section.1.1}{\376\377\000W\000y\000m\000a\000g\000a\000n\000i\000a\000\040\000b\000i\000z\000n\000e\000s\000o\000w\000e}{chapter.1}% 3
\BOOKMARK [1][-]{section.1.2}{\376\377\000W\000y\000m\000a\000g\000a\000n\000i\000a\000\040\000f\000u\000n\000k\000c\000j\000o\000n\000a\000l\000n\000e}{chapter.1}% 4
\BOOKMARK [1][-]{section.1.3}{\376\377\000W\000y\000m\000a\000g\000a\000n\000i\000a\000\040\000n\000i\000e\000f\000u\000n\000k\000c\000j\000o\000n\000a\000l\000n\000e}{chapter.1}% 5
\BOOKMARK [0][-]{chapter.2}{\376\377\000T\000e\000c\000h\000n\000o\000l\000o\000g\000i\000e\000\040\000w\000y\000k\000o\000r\000z\000y\000s\000t\000a\000n\000e\000\040\000w\000\040\000p\000r\000o\000j\000e\000k\000c\000i\000e}{}% 6
\BOOKMARK [1][-]{section.2.1}{\376\377\000P\000y\000t\000h\000o\000n\000\040\0003}{chapter.2}% 7
\BOOKMARK [1][-]{section.2.2}{\376\377\000P\000y\000T\000o\000r\000c\000h}{chapter.2}% 8
\BOOKMARK [1][-]{section.2.3}{\376\377\000O\000p\000e\000n\000C\000V}{chapter.2}% 9
\BOOKMARK [1][-]{section.2.4}{\376\377\000P\000i\000l\000l\000o\000w}{chapter.2}% 10
\BOOKMARK [1][-]{section.2.5}{\376\377\000V\000e\000r\000o\000v\000i\000o\000\040\000T\000o\000o\000l\000k\000i\000t}{chapter.2}% 11
\BOOKMARK [0][-]{chapter.3}{\376\377\000B\000u\000d\000o\000w\000a\000\040\000p\000r\000o\000g\000r\000a\000m\000u}{}% 12
\BOOKMARK [1][-]{section.3.1}{\376\377\000S\000c\000h\000e\000m\000a\000t\000\040\000s\000t\000r\000u\000k\000t\000u\000r\000y\000\040\000p\000r\000o\000g\000r\000a\000m\000u}{chapter.3}% 13
\BOOKMARK [0][-]{chapter.4}{\376\377\000U\001\174\000y\000t\000e\000\040\000n\000a\000r\000z\001\031\000d\000z\000i\000a\000\040\000p\000r\000o\000g\000r\000a\000m\000i\000s\000t\000y\000c\000z\000n\000e}{}% 14
\BOOKMARK [1][-]{section.4.1}{\376\377\000G\000i\000t}{chapter.4}% 15
\BOOKMARK [1][-]{section.4.2}{\376\377\000V\000i\000s\000u\000a\000l\000\040\000S\000t\000u\000d\000i\000o\000\040\000C\000o\000d\000e}{chapter.4}% 16
\BOOKMARK [1][-]{section.4.3}{\376\377\000G\000o\000o\000g\000l\000e\000\040\000C\000o\000l\000a\000b\000o\000r\000a\000t\000o\000r\000y}{chapter.4}% 17
\BOOKMARK [0][-]{chapter.5}{\376\377\000I\000m\000p\000l\000e\000m\000e\000n\000t\000a\000c\000j\000a\000\040\000p\000r\000o\000g\000r\000a\000m\000u}{}% 18
\BOOKMARK [1][-]{section.5.1}{\376\377\000P\000o\000d\000r\000o\000z\000d\000z\000i\000a\001\102}{chapter.5}% 19
\BOOKMARK [0][-]{chapter*.3}{\376\377\000Z\000a\000k\000o\001\104\000c\000z\000e\000n\000i\000e}{}% 20
\BOOKMARK [0][-]{chapter*.4}{\376\377\000B\000i\000b\000l\000i\000o\000g\000r\000a\000f\000i\000a}{}% 21
\BOOKMARK [0][-]{chapter*.5}{\376\377\000S\000p\000i\000s\000\040\000t\000a\000b\000e\000l}{}% 22
\BOOKMARK [0][-]{chapter*.6}{\376\377\000S\000p\000i\000s\000\040\000r\000y\000s\000u\000n\000k\000\363\000w}{}% 23
